Connecting to database specified by database.yml
Connecting to database specified by database.yml
Connecting to database specified by database.yml
Connecting to database specified by database.yml
Connecting to database specified by database.yml
  [1m[36m (133.8ms)[0m  [1mCREATE TABLE "schema_migrations" ("version" character varying(255) NOT NULL) [0m
  [1m[35m (30.0ms)[0m  CREATE UNIQUE INDEX "unique_schema_migrations" ON "schema_migrations" ("version")
  [1m[36m (1.5ms)[0m  [1mSELECT "schema_migrations"."version" FROM "schema_migrations" [0m
Migrating to CreateRegularprices (20130715135240)
  [1m[35m (0.3ms)[0m  BEGIN
  [1m[36m (0.4ms)[0m  [1mROLLBACK[0m
Connecting to database specified by database.yml
  [1m[36m (0.4ms)[0m  [1mSELECT "schema_migrations"."version" FROM "schema_migrations" [0m
Migrating to CreateRegularprices (20130715135240)
  [1m[35m (0.1ms)[0m  BEGIN
  [1m[36m (107.0ms)[0m  [1mCREATE TABLE "regularprices" ("id" serial primary key, "us_national_average" float, "east_coast" float, "new_england" float, "central_atlantic" float, "lower_atlantic" float, "midwest" float, "gulf_coast" float, "rocky_mountains" float, "west_coast" float, "west_coast_less_california" float, "california" float, "created_at" timestamp NOT NULL, "updated_at" timestamp NOT NULL) [0m
  [1m[35m (16.2ms)[0m  INSERT INTO "schema_migrations" ("version") VALUES ('20130715135240')
  [1m[36m (1.8ms)[0m  [1mCOMMIT[0m
Migrating to CreateDieselprices (20130715135247)
  [1m[35m (0.3ms)[0m  BEGIN
  [1m[36m (0.3ms)[0m  [1mROLLBACK[0m
Connecting to database specified by database.yml
  [1m[36m (0.3ms)[0m  [1mSELECT "schema_migrations"."version" FROM "schema_migrations" [0m
Migrating to CreateRegularprices (20130715135240)
Migrating to CreateDieselprices (20130715135247)
  [1m[35m (0.1ms)[0m  BEGIN
  [1m[36m (0.2ms)[0m  [1mROLLBACK[0m
Connecting to database specified by database.yml
  [1m[36m (0.3ms)[0m  [1mSELECT "schema_migrations"."version" FROM "schema_migrations" [0m
Migrating to CreateRegularprices (20130715135240)
Migrating to CreateDieselprices (20130715135247)
  [1m[35m (0.1ms)[0m  BEGIN
  [1m[36m (0.1ms)[0m  [1mROLLBACK[0m
Connecting to database specified by database.yml
  [1m[36m (4.6ms)[0m  [1mCREATE TABLE "schema_migrations" ("version" character varying(255) NOT NULL) [0m
  [1m[35m (2.0ms)[0m  CREATE UNIQUE INDEX "unique_schema_migrations" ON "schema_migrations" ("version")
  [1m[36m (0.2ms)[0m  [1mSELECT "schema_migrations"."version" FROM "schema_migrations" [0m
Migrating to CreateRegularprices (20130715135240)
  [1m[35m (0.1ms)[0m  BEGIN
  [1m[36m (0.2ms)[0m  [1mROLLBACK[0m
Connecting to database specified by database.yml
  [1m[36m (0.3ms)[0m  [1mSELECT "schema_migrations"."version" FROM "schema_migrations" [0m
Migrating to CreateRegularprices (20130715135240)
  [1m[35m (0.1ms)[0m  BEGIN
  [1m[36m (52.8ms)[0m  [1mCREATE TABLE "regular_prices" ("id" serial primary key, "us_national_average" float, "east_coast" float, "new_england" float, "central_atlantic" float, "lower_atlantic" float, "midwest" float, "gulf_coast" float, "rocky_mountains" float, "west_coast" float, "west_coast_less_california" float, "california" float, "created_at" timestamp NOT NULL, "updated_at" timestamp NOT NULL) [0m
  [1m[35m (0.4ms)[0m  INSERT INTO "schema_migrations" ("version") VALUES ('20130715135240')
  [1m[36m (1.3ms)[0m  [1mCOMMIT[0m
Migrating to CreateDieselprices (20130715135247)
  [1m[35m (0.4ms)[0m  BEGIN
  [1m[36m (2.5ms)[0m  [1mCREATE TABLE "diesel_prices" ("id" serial primary key, "us_national_average" float, "east_coast" float, "new_england" float, "central_atlantic" float, "lower_atlantic" float, "midwest" float, "gulf_coast" float, "rocky_mountains" float, "west_coast" float, "west_coast_less_california" float, "california" float, "created_at" timestamp NOT NULL, "updated_at" timestamp NOT NULL) [0m
  [1m[35m (0.3ms)[0m  INSERT INTO "schema_migrations" ("version") VALUES ('20130715135247')
  [1m[36m (1.3ms)[0m  [1mCOMMIT[0m
  [1m[35m (0.5ms)[0m  SELECT "schema_migrations"."version" FROM "schema_migrations" 
Connecting to database specified by database.yml
Connecting to database specified by database.yml
Connecting to database specified by database.yml
Connecting to database specified by database.yml
  [1m[36m (4.9ms)[0m  [1mCREATE TABLE "schema_migrations" ("version" character varying(255) NOT NULL) [0m
  [1m[35m (2.1ms)[0m  CREATE UNIQUE INDEX "unique_schema_migrations" ON "schema_migrations" ("version")
  [1m[36m (0.2ms)[0m  [1mSELECT "schema_migrations"."version" FROM "schema_migrations" [0m
Migrating to CreateRegularprices (20130715135240)
  [1m[35m (0.2ms)[0m  BEGIN
  [1m[36m (3.7ms)[0m  [1mCREATE TABLE "regular_prices" ("id" serial primary key, "us_national_average" float, "east_coast" float, "new_england" float, "central_atlantic" float, "lower_atlantic" float, "midwest" float, "gulf_coast" float, "rocky_mountains" float, "west_coast" float, "west_coast_less_california" float, "california" float, "effective_date" date, "created_at" timestamp NOT NULL, "updated_at" timestamp NOT NULL) [0m
  [1m[35m (0.3ms)[0m  INSERT INTO "schema_migrations" ("version") VALUES ('20130715135240')
  [1m[36m (1.6ms)[0m  [1mCOMMIT[0m
Migrating to CreateDieselprices (20130715135247)
  [1m[35m (0.2ms)[0m  BEGIN
  [1m[36m (2.1ms)[0m  [1mCREATE TABLE "diesel_prices" ("id" serial primary key, "us_national_average" float, "east_coast" float, "new_england" float, "central_atlantic" float, "lower_atlantic" float, "midwest" float, "gulf_coast" float, "rocky_mountains" float, "west_coast" float, "west_coast_less_california" float, "california" float, "effective_date" date, "created_at" timestamp NOT NULL, "updated_at" timestamp NOT NULL) [0m
  [1m[35m (0.2ms)[0m  INSERT INTO "schema_migrations" ("version") VALUES ('20130715135247')
  [1m[36m (1.0ms)[0m  [1mCOMMIT[0m
  [1m[35m (0.3ms)[0m  SELECT "schema_migrations"."version" FROM "schema_migrations" 
Connecting to database specified by database.yml
Connecting to database specified by database.yml
Connecting to database specified by database.yml
Connecting to database specified by database.yml
Connecting to database specified by database.yml
Connecting to database specified by database.yml
Connecting to database specified by database.yml
Connecting to database specified by database.yml
Connecting to database specified by database.yml
Connecting to database specified by database.yml
Connecting to database specified by database.yml
Connecting to database specified by database.yml
Connecting to database specified by database.yml
Connecting to database specified by database.yml
Connecting to database specified by database.yml
Connecting to database specified by database.yml


Started GET "/assets/rails.png" for 127.0.0.1 at 2013-07-15 11:09:34 -0400
Served asset /rails.png - 200 OK (20ms)


Started GET "/prices/get.json" for 127.0.0.1 at 2013-07-15 11:09:46 -0400

ActionController::RoutingError (No route matches [GET] "/prices/get.json"):
  actionpack (3.2.13) lib/action_dispatch/middleware/debug_exceptions.rb:21:in `call'
  actionpack (3.2.13) lib/action_dispatch/middleware/show_exceptions.rb:56:in `call'
  railties (3.2.13) lib/rails/rack/logger.rb:32:in `call_app'
  railties (3.2.13) lib/rails/rack/logger.rb:16:in `block in call'
  activesupport (3.2.13) lib/active_support/tagged_logging.rb:22:in `tagged'
  railties (3.2.13) lib/rails/rack/logger.rb:16:in `call'
  actionpack (3.2.13) lib/action_dispatch/middleware/request_id.rb:22:in `call'
  rack (1.4.5) lib/rack/methodoverride.rb:21:in `call'
  rack (1.4.5) lib/rack/runtime.rb:17:in `call'
  activesupport (3.2.13) lib/active_support/cache/strategy/local_cache.rb:72:in `call'
  rack (1.4.5) lib/rack/lock.rb:15:in `call'
  actionpack (3.2.13) lib/action_dispatch/middleware/static.rb:63:in `call'
  railties (3.2.13) lib/rails/engine.rb:479:in `call'
  railties (3.2.13) lib/rails/application.rb:223:in `call'
  rack (1.4.5) lib/rack/content_length.rb:14:in `call'
  railties (3.2.13) lib/rails/rack/log_tailer.rb:17:in `call'
  rack (1.4.5) lib/rack/handler/webrick.rb:59:in `service'
  /Users/bulletshot60/.rvm/rubies/ruby-2.0.0-p195/lib/ruby/2.0.0/webrick/httpserver.rb:138:in `service'
  /Users/bulletshot60/.rvm/rubies/ruby-2.0.0-p195/lib/ruby/2.0.0/webrick/httpserver.rb:94:in `run'
  /Users/bulletshot60/.rvm/rubies/ruby-2.0.0-p195/lib/ruby/2.0.0/webrick/server.rb:295:in `block in start_thread'


  Rendered /Users/bulletshot60/.rvm/gems/ruby-2.0.0-p195/gems/actionpack-3.2.13/lib/action_dispatch/middleware/templates/rescues/routing_error.erb within rescues/layout (3.7ms)


Started GET "/prices" for 127.0.0.1 at 2013-07-15 11:09:55 -0400

ActionController::RoutingError (No route matches [GET] "/prices"):
  actionpack (3.2.13) lib/action_dispatch/middleware/debug_exceptions.rb:21:in `call'
  actionpack (3.2.13) lib/action_dispatch/middleware/show_exceptions.rb:56:in `call'
  railties (3.2.13) lib/rails/rack/logger.rb:32:in `call_app'
  railties (3.2.13) lib/rails/rack/logger.rb:16:in `block in call'
  activesupport (3.2.13) lib/active_support/tagged_logging.rb:22:in `tagged'
  railties (3.2.13) lib/rails/rack/logger.rb:16:in `call'
  actionpack (3.2.13) lib/action_dispatch/middleware/request_id.rb:22:in `call'
  rack (1.4.5) lib/rack/methodoverride.rb:21:in `call'
  rack (1.4.5) lib/rack/runtime.rb:17:in `call'
  activesupport (3.2.13) lib/active_support/cache/strategy/local_cache.rb:72:in `call'
  rack (1.4.5) lib/rack/lock.rb:15:in `call'
  actionpack (3.2.13) lib/action_dispatch/middleware/static.rb:63:in `call'
  railties (3.2.13) lib/rails/engine.rb:479:in `call'
  railties (3.2.13) lib/rails/application.rb:223:in `call'
  rack (1.4.5) lib/rack/content_length.rb:14:in `call'
  railties (3.2.13) lib/rails/rack/log_tailer.rb:17:in `call'
  rack (1.4.5) lib/rack/handler/webrick.rb:59:in `service'
  /Users/bulletshot60/.rvm/rubies/ruby-2.0.0-p195/lib/ruby/2.0.0/webrick/httpserver.rb:138:in `service'
  /Users/bulletshot60/.rvm/rubies/ruby-2.0.0-p195/lib/ruby/2.0.0/webrick/httpserver.rb:94:in `run'
  /Users/bulletshot60/.rvm/rubies/ruby-2.0.0-p195/lib/ruby/2.0.0/webrick/server.rb:295:in `block in start_thread'


  Rendered /Users/bulletshot60/.rvm/gems/ruby-2.0.0-p195/gems/actionpack-3.2.13/lib/action_dispatch/middleware/templates/rescues/routing_error.erb within rescues/layout (0.5ms)
Connecting to database specified by database.yml


Started GET "/prices/get.json" for 127.0.0.1 at 2013-07-15 11:10:18 -0400
Processing by PricesController#get as JSON
  [1m[36mRegularPrice Load (0.7ms)[0m  [1mSELECT "regular_prices".* FROM "regular_prices" ORDER BY "regular_prices"."id" DESC LIMIT 1[0m
  [1m[35mDieselPrice Load (0.4ms)[0m  SELECT "diesel_prices".* FROM "diesel_prices" ORDER BY "diesel_prices"."id" DESC LIMIT 1
Completed 200 OK in 72ms (Views: 0.1ms | ActiveRecord: 7.9ms)
Connecting to database specified by database.yml
Connecting to database specified by database.yml
Connecting to database specified by database.yml


Started GET "/prices/get.json" for 127.0.0.1 at 2013-07-15 11:13:47 -0400
Processing by PricesController#get as JSON
  [1m[36mRegularPrice Load (0.6ms)[0m  [1mSELECT "regular_prices".* FROM "regular_prices" ORDER BY "regular_prices"."id" DESC LIMIT 1[0m
  [1m[35mDieselPrice Load (0.4ms)[0m  SELECT "diesel_prices".* FROM "diesel_prices" ORDER BY "diesel_prices"."id" DESC LIMIT 1
Completed 200 OK in 71ms (Views: 0.1ms | ActiveRecord: 7.7ms)
Connecting to database specified by database.yml


Started GET "/assets/rails.png" for 127.0.0.1 at 2013-07-15 11:22:29 -0400
Served asset /rails.png - 304 Not Modified (1ms)


Started GET "/prices" for 127.0.0.1 at 2013-07-15 11:22:35 -0400
Processing by PricesController#index as HTML
  Rendered prices/index.html.erb within layouts/application (0.8ms)
Compiled bootstrap-docs.css  (0ms)  (pid 29899)
Compiled bootstrap-responsive.css  (0ms)  (pid 29899)
Compiled bootstrap.css  (0ms)  (pid 29899)
Compiled flat-ui.css  (0ms)  (pid 29899)
Compiled prettify.css  (0ms)  (pid 29899)
Compiled application.css  (17ms)  (pid 29899)
Completed 500 Internal Server Error in 90ms

ActionView::Template::Error (couldn't find file 'jquery'
  (in /Users/bulletshot60/git/doe_fuel/app/assets/javascripts/application.js:13)):
    3: <head>
    4:   <title>DoeFuel</title>
    5:   <%= stylesheet_link_tag    "application", :media => "all" %>
    6:   <%= javascript_include_tag "application" %>
    7:   <%= csrf_meta_tags %>
    8: </head>
    9: <body>
  app/views/layouts/application.html.erb:6:in `_app_views_layouts_application_html_erb___4504928739869581784_70182668403100'


  Rendered /Users/bulletshot60/.rvm/gems/ruby-2.0.0-p195/gems/actionpack-3.2.13/lib/action_dispatch/middleware/templates/rescues/_trace.erb (1.3ms)
  Rendered /Users/bulletshot60/.rvm/gems/ruby-2.0.0-p195/gems/actionpack-3.2.13/lib/action_dispatch/middleware/templates/rescues/_request_and_response.erb (1.0ms)
  Rendered /Users/bulletshot60/.rvm/gems/ruby-2.0.0-p195/gems/actionpack-3.2.13/lib/action_dispatch/middleware/templates/rescues/template_error.erb within rescues/layout (10.8ms)


Started GET "/prices" for 127.0.0.1 at 2013-07-15 11:22:53 -0400
Processing by PricesController#index as HTML
  Rendered prices/index.html.erb within layouts/application (0.3ms)
Compiled bootstrap-select.js  (0ms)  (pid 29899)
Compiled bootstrap-switch.js  (0ms)  (pid 29899)
Compiled bootstrap.min.js  (0ms)  (pid 29899)
Compiled flatui-checkbox.js  (0ms)  (pid 29899)
Compiled flatui-radio.js  (0ms)  (pid 29899)
Compiled html5shiv.js  (0ms)  (pid 29899)
Compiled icon-font-ie7.js  (0ms)  (pid 29899)
Compiled jquery-1.8.3.min.js  (1ms)  (pid 29899)
Compiled jquery-ui-1.10.3.custom.min.js  (1ms)  (pid 29899)
Compiled jquery.placeholder.js  (0ms)  (pid 29899)
Compiled jquery.stacktable.js  (0ms)  (pid 29899)
Compiled jquery.tagsinput.js  (0ms)  (pid 29899)
Compiled jquery.ui.touch-punch.min.js  (0ms)  (pid 29899)
Compiled application.js  (39ms)  (pid 29899)
Completed 200 OK in 107ms (Views: 106.8ms | ActiveRecord: 0.0ms)


Started GET "/assets/application.css?body=1" for 127.0.0.1 at 2013-07-15 11:22:54 -0400
Served asset /application.css - 200 OK (32ms)


Started GET "/assets/bootstrap-responsive.css?body=1" for 127.0.0.1 at 2013-07-15 11:22:54 -0400
Served asset /bootstrap-responsive.css - 200 OK (1ms)


Started GET "/assets/bootstrap-docs.css?body=1" for 127.0.0.1 at 2013-07-15 11:22:54 -0400
Served asset /bootstrap-docs.css - 200 OK (2ms)


Started GET "/assets/bootstrap.css?body=1" for 127.0.0.1 at 2013-07-15 11:22:54 -0400
Served asset /bootstrap.css - 200 OK (1ms)


Started GET "/assets/prettify.css?body=1" for 127.0.0.1 at 2013-07-15 11:22:54 -0400
Served asset /prettify.css - 200 OK (1ms)


Started GET "/assets/flat-ui.css?body=1" for 127.0.0.1 at 2013-07-15 11:22:54 -0400
Served asset /flat-ui.css - 200 OK (5ms)


Started GET "/assets/bootstrap-select.js?body=1" for 127.0.0.1 at 2013-07-15 11:22:54 -0400
Served asset /bootstrap-select.js - 200 OK (1ms)


Started GET "/assets/bootstrap-switch.js?body=1" for 127.0.0.1 at 2013-07-15 11:22:54 -0400
Served asset /bootstrap-switch.js - 200 OK (1ms)


Started GET "/assets/bootstrap.min.js?body=1" for 127.0.0.1 at 2013-07-15 11:22:54 -0400
Served asset /bootstrap.min.js - 200 OK (1ms)


Started GET "/assets/flatui-radio.js?body=1" for 127.0.0.1 at 2013-07-15 11:22:54 -0400
Served asset /flatui-radio.js - 200 OK (3ms)


Started GET "/assets/flatui-checkbox.js?body=1" for 127.0.0.1 at 2013-07-15 11:22:54 -0400
Served asset /flatui-checkbox.js - 200 OK (2ms)


Started GET "/assets/html5shiv.js?body=1" for 127.0.0.1 at 2013-07-15 11:22:54 -0400
Served asset /html5shiv.js - 200 OK (2ms)


Started GET "/assets/icon-font-ie7.js?body=1" for 127.0.0.1 at 2013-07-15 11:22:54 -0400
Served asset /icon-font-ie7.js - 200 OK (1ms)


Started GET "/assets/jquery-1.8.3.min.js?body=1" for 127.0.0.1 at 2013-07-15 11:22:54 -0400
Served asset /jquery-1.8.3.min.js - 200 OK (2ms)


Started GET "/assets/jquery-ui-1.10.3.custom.min.js?body=1" for 127.0.0.1 at 2013-07-15 11:22:54 -0400
Served asset /jquery-ui-1.10.3.custom.min.js - 200 OK (1ms)


Started GET "/assets/jquery.placeholder.js?body=1" for 127.0.0.1 at 2013-07-15 11:22:54 -0400
Served asset /jquery.placeholder.js - 200 OK (1ms)


Started GET "/assets/jquery.stacktable.js?body=1" for 127.0.0.1 at 2013-07-15 11:22:54 -0400
Served asset /jquery.stacktable.js - 200 OK (1ms)


Started GET "/assets/jquery.tagsinput.js?body=1" for 127.0.0.1 at 2013-07-15 11:22:54 -0400
Served asset /jquery.tagsinput.js - 200 OK (1ms)


Started GET "/assets/jquery.ui.touch-punch.min.js?body=1" for 127.0.0.1 at 2013-07-15 11:22:54 -0400
Served asset /jquery.ui.touch-punch.min.js - 200 OK (1ms)


Started GET "/assets/application.js?body=1" for 127.0.0.1 at 2013-07-15 11:22:54 -0400
Served asset /application.js - 200 OK (31ms)


Started GET "/prices" for 127.0.0.1 at 2013-07-15 11:23:24 -0400
Processing by PricesController#index as HTML
  Rendered prices/index.html.erb within layouts/application (0.3ms)
Completed 200 OK in 7ms (Views: 6.6ms | ActiveRecord: 0.0ms)


Started GET "/assets/application.css?body=1" for 127.0.0.1 at 2013-07-15 11:23:24 -0400
Served asset /application.css - 200 OK (0ms)


Started GET "/assets/bootstrap-docs.css?body=1" for 127.0.0.1 at 2013-07-15 11:23:24 -0400
Served asset /bootstrap-docs.css - 200 OK (0ms)


Started GET "/assets/bootstrap-select.js?body=1" for 127.0.0.1 at 2013-07-15 11:23:24 -0400
Served asset /bootstrap-select.js - 200 OK (0ms)


Started GET "/assets/bootstrap-responsive.css?body=1" for 127.0.0.1 at 2013-07-15 11:23:24 -0400
Served asset /bootstrap-responsive.css - 200 OK (0ms)


Started GET "/assets/flat-ui.css?body=1" for 127.0.0.1 at 2013-07-15 11:23:24 -0400
Served asset /flat-ui.css - 200 OK (0ms)


Started GET "/assets/bootstrap.css?body=1" for 127.0.0.1 at 2013-07-15 11:23:24 -0400
Served asset /bootstrap.css - 200 OK (0ms)


Started GET "/assets/prettify.css?body=1" for 127.0.0.1 at 2013-07-15 11:23:24 -0400
Served asset /prettify.css - 200 OK (0ms)


Started GET "/assets/bootstrap-switch.js?body=1" for 127.0.0.1 at 2013-07-15 11:23:24 -0400
Served asset /bootstrap-switch.js - 200 OK (0ms)


Started GET "/assets/bootstrap.min.js?body=1" for 127.0.0.1 at 2013-07-15 11:23:24 -0400
Served asset /bootstrap.min.js - 200 OK (0ms)


Started GET "/assets/flatui-checkbox.js?body=1" for 127.0.0.1 at 2013-07-15 11:23:24 -0400
Served asset /flatui-checkbox.js - 200 OK (0ms)


Started GET "/assets/flatui-radio.js?body=1" for 127.0.0.1 at 2013-07-15 11:23:24 -0400
Served asset /flatui-radio.js - 200 OK (0ms)


Started GET "/assets/html5shiv.js?body=1" for 127.0.0.1 at 2013-07-15 11:23:24 -0400
Served asset /html5shiv.js - 200 OK (0ms)


Started GET "/assets/icon-font-ie7.js?body=1" for 127.0.0.1 at 2013-07-15 11:23:24 -0400
Served asset /icon-font-ie7.js - 200 OK (0ms)


Started GET "/assets/jquery-1.8.3.min.js?body=1" for 127.0.0.1 at 2013-07-15 11:23:24 -0400
Served asset /jquery-1.8.3.min.js - 200 OK (0ms)


Started GET "/assets/jquery-ui-1.10.3.custom.min.js?body=1" for 127.0.0.1 at 2013-07-15 11:23:24 -0400
Served asset /jquery-ui-1.10.3.custom.min.js - 200 OK (0ms)


Started GET "/assets/jquery.placeholder.js?body=1" for 127.0.0.1 at 2013-07-15 11:23:24 -0400
Served asset /jquery.placeholder.js - 200 OK (0ms)


Started GET "/assets/jquery.stacktable.js?body=1" for 127.0.0.1 at 2013-07-15 11:23:24 -0400
Served asset /jquery.stacktable.js - 200 OK (0ms)


Started GET "/assets/jquery.tagsinput.js?body=1" for 127.0.0.1 at 2013-07-15 11:23:24 -0400
Served asset /jquery.tagsinput.js - 200 OK (0ms)


Started GET "/assets/jquery.ui.touch-punch.min.js?body=1" for 127.0.0.1 at 2013-07-15 11:23:24 -0400
Served asset /jquery.ui.touch-punch.min.js - 200 OK (0ms)


Started GET "/assets/application.js?body=1" for 127.0.0.1 at 2013-07-15 11:23:24 -0400
Served asset /application.js - 200 OK (0ms)


Started GET "/prices" for 127.0.0.1 at 2013-07-15 11:23:26 -0400
Processing by PricesController#index as HTML
  Rendered prices/index.html.erb within layouts/application (0.0ms)
Completed 200 OK in 6ms (Views: 6.3ms | ActiveRecord: 0.0ms)


Started GET "/assets/application.css?body=1" for 127.0.0.1 at 2013-07-15 11:23:27 -0400
Served asset /application.css - 200 OK (0ms)


Started GET "/assets/bootstrap.css?body=1" for 127.0.0.1 at 2013-07-15 11:23:27 -0400
Served asset /bootstrap.css - 200 OK (0ms)


Started GET "/assets/bootstrap-docs.css?body=1" for 127.0.0.1 at 2013-07-15 11:23:27 -0400
Served asset /bootstrap-docs.css - 200 OK (0ms)


Started GET "/assets/bootstrap-responsive.css?body=1" for 127.0.0.1 at 2013-07-15 11:23:27 -0400
Served asset /bootstrap-responsive.css - 200 OK (0ms)


Started GET "/assets/bootstrap-select.js?body=1" for 127.0.0.1 at 2013-07-15 11:23:27 -0400
Served asset /bootstrap-select.js - 200 OK (0ms)


Started GET "/assets/flat-ui.css?body=1" for 127.0.0.1 at 2013-07-15 11:23:27 -0400
Served asset /flat-ui.css - 200 OK (0ms)


Started GET "/assets/prettify.css?body=1" for 127.0.0.1 at 2013-07-15 11:23:27 -0400
Served asset /prettify.css - 200 OK (0ms)


Started GET "/assets/bootstrap-switch.js?body=1" for 127.0.0.1 at 2013-07-15 11:23:27 -0400
Served asset /bootstrap-switch.js - 200 OK (0ms)


Started GET "/assets/bootstrap.min.js?body=1" for 127.0.0.1 at 2013-07-15 11:23:27 -0400
Served asset /bootstrap.min.js - 200 OK (0ms)


Started GET "/assets/flatui-checkbox.js?body=1" for 127.0.0.1 at 2013-07-15 11:23:27 -0400
Served asset /flatui-checkbox.js - 200 OK (0ms)


Started GET "/assets/flatui-radio.js?body=1" for 127.0.0.1 at 2013-07-15 11:23:27 -0400
Served asset /flatui-radio.js - 200 OK (0ms)


Started GET "/assets/html5shiv.js?body=1" for 127.0.0.1 at 2013-07-15 11:23:27 -0400
Served asset /html5shiv.js - 200 OK (0ms)


Started GET "/assets/icon-font-ie7.js?body=1" for 127.0.0.1 at 2013-07-15 11:23:27 -0400
Served asset /icon-font-ie7.js - 200 OK (0ms)


Started GET "/assets/jquery-1.8.3.min.js?body=1" for 127.0.0.1 at 2013-07-15 11:23:27 -0400
Served asset /jquery-1.8.3.min.js - 200 OK (0ms)


Started GET "/assets/jquery-ui-1.10.3.custom.min.js?body=1" for 127.0.0.1 at 2013-07-15 11:23:27 -0400
Served asset /jquery-ui-1.10.3.custom.min.js - 200 OK (0ms)


Started GET "/assets/jquery.placeholder.js?body=1" for 127.0.0.1 at 2013-07-15 11:23:27 -0400
Served asset /jquery.placeholder.js - 200 OK (0ms)


Started GET "/assets/jquery.stacktable.js?body=1" for 127.0.0.1 at 2013-07-15 11:23:27 -0400
Served asset /jquery.stacktable.js - 200 OK (0ms)


Started GET "/assets/jquery.tagsinput.js?body=1" for 127.0.0.1 at 2013-07-15 11:23:27 -0400
Served asset /jquery.tagsinput.js - 200 OK (0ms)


Started GET "/assets/jquery.ui.touch-punch.min.js?body=1" for 127.0.0.1 at 2013-07-15 11:23:27 -0400
Served asset /jquery.ui.touch-punch.min.js - 200 OK (0ms)


Started GET "/assets/application.js?body=1" for 127.0.0.1 at 2013-07-15 11:23:27 -0400
Served asset /application.js - 200 OK (0ms)


Started GET "/prices" for 127.0.0.1 at 2013-07-15 11:23:58 -0400
Processing by PricesController#index as HTML
  Rendered prices/index.html.erb within layouts/application (0.3ms)
Completed 200 OK in 7ms (Views: 7.0ms | ActiveRecord: 0.0ms)


Started GET "/assets/application.css?body=1" for 127.0.0.1 at 2013-07-15 11:23:58 -0400
Served asset /application.css - 200 OK (0ms)


Started GET "/assets/bootstrap-docs.css?body=1" for 127.0.0.1 at 2013-07-15 11:23:58 -0400
Served asset /bootstrap-docs.css - 200 OK (0ms)


Started GET "/assets/bootstrap.css?body=1" for 127.0.0.1 at 2013-07-15 11:23:58 -0400
Served asset /bootstrap.css - 200 OK (0ms)


Started GET "/assets/bootstrap-responsive.css?body=1" for 127.0.0.1 at 2013-07-15 11:23:58 -0400
Served asset /bootstrap-responsive.css - 200 OK (0ms)


Started GET "/assets/flat-ui.css?body=1" for 127.0.0.1 at 2013-07-15 11:23:58 -0400
Served asset /flat-ui.css - 200 OK (0ms)


Started GET "/assets/prettify.css?body=1" for 127.0.0.1 at 2013-07-15 11:23:58 -0400
Served asset /prettify.css - 200 OK (0ms)


Started GET "/assets/bootstrap-select.js?body=1" for 127.0.0.1 at 2013-07-15 11:23:58 -0400
Served asset /bootstrap-select.js - 200 OK (0ms)


Started GET "/assets/bootstrap-switch.js?body=1" for 127.0.0.1 at 2013-07-15 11:23:58 -0400
Served asset /bootstrap-switch.js - 200 OK (0ms)


Started GET "/assets/bootstrap.min.js?body=1" for 127.0.0.1 at 2013-07-15 11:23:58 -0400
Served asset /bootstrap.min.js - 200 OK (0ms)


Started GET "/assets/flatui-checkbox.js?body=1" for 127.0.0.1 at 2013-07-15 11:23:58 -0400
Served asset /flatui-checkbox.js - 200 OK (0ms)


Started GET "/assets/flatui-radio.js?body=1" for 127.0.0.1 at 2013-07-15 11:23:58 -0400
Served asset /flatui-radio.js - 200 OK (0ms)


Started GET "/assets/html5shiv.js?body=1" for 127.0.0.1 at 2013-07-15 11:23:58 -0400
Served asset /html5shiv.js - 200 OK (0ms)


Started GET "/assets/icon-font-ie7.js?body=1" for 127.0.0.1 at 2013-07-15 11:23:58 -0400
Served asset /icon-font-ie7.js - 200 OK (0ms)


Started GET "/assets/jquery-1.8.3.min.js?body=1" for 127.0.0.1 at 2013-07-15 11:23:58 -0400
Served asset /jquery-1.8.3.min.js - 200 OK (0ms)


Started GET "/assets/jquery-ui-1.10.3.custom.min.js?body=1" for 127.0.0.1 at 2013-07-15 11:23:58 -0400
Served asset /jquery-ui-1.10.3.custom.min.js - 200 OK (0ms)


Started GET "/assets/jquery.placeholder.js?body=1" for 127.0.0.1 at 2013-07-15 11:23:58 -0400
Served asset /jquery.placeholder.js - 200 OK (0ms)


Started GET "/assets/jquery.stacktable.js?body=1" for 127.0.0.1 at 2013-07-15 11:23:58 -0400
Served asset /jquery.stacktable.js - 200 OK (0ms)


Started GET "/assets/jquery.tagsinput.js?body=1" for 127.0.0.1 at 2013-07-15 11:23:58 -0400
Served asset /jquery.tagsinput.js - 200 OK (0ms)


Started GET "/assets/jquery.ui.touch-punch.min.js?body=1" for 127.0.0.1 at 2013-07-15 11:23:58 -0400
Served asset /jquery.ui.touch-punch.min.js - 200 OK (0ms)


Started GET "/assets/application.js?body=1" for 127.0.0.1 at 2013-07-15 11:23:58 -0400
Served asset /application.js - 200 OK (0ms)


Started GET "/prices" for 127.0.0.1 at 2013-07-15 11:24:45 -0400
Processing by PricesController#index as HTML
  Rendered prices/index.html.erb within layouts/application (0.3ms)
Completed 200 OK in 7ms (Views: 6.5ms | ActiveRecord: 0.0ms)


Started GET "/assets/application.css?body=1" for 127.0.0.1 at 2013-07-15 11:24:45 -0400
Served asset /application.css - 200 OK (0ms)


Started GET "/assets/bootstrap-responsive.css?body=1" for 127.0.0.1 at 2013-07-15 11:24:45 -0400
Served asset /bootstrap-responsive.css - 200 OK (0ms)


Started GET "/assets/bootstrap-docs.css?body=1" for 127.0.0.1 at 2013-07-15 11:24:45 -0400
Served asset /bootstrap-docs.css - 200 OK (0ms)


Started GET "/assets/bootstrap.css?body=1" for 127.0.0.1 at 2013-07-15 11:24:45 -0400
Served asset /bootstrap.css - 200 OK (0ms)


Started GET "/assets/bootstrap-select.js?body=1" for 127.0.0.1 at 2013-07-15 11:24:45 -0400
Served asset /bootstrap-select.js - 200 OK (0ms)


Started GET "/assets/flat-ui.css?body=1" for 127.0.0.1 at 2013-07-15 11:24:45 -0400
Served asset /flat-ui.css - 200 OK (0ms)


Started GET "/assets/prettify.css?body=1" for 127.0.0.1 at 2013-07-15 11:24:45 -0400
Served asset /prettify.css - 200 OK (0ms)


Started GET "/assets/bootstrap-switch.js?body=1" for 127.0.0.1 at 2013-07-15 11:24:45 -0400
Served asset /bootstrap-switch.js - 200 OK (0ms)


Started GET "/assets/bootstrap.min.js?body=1" for 127.0.0.1 at 2013-07-15 11:24:45 -0400
Served asset /bootstrap.min.js - 200 OK (0ms)


Started GET "/assets/flatui-checkbox.js?body=1" for 127.0.0.1 at 2013-07-15 11:24:45 -0400
Served asset /flatui-checkbox.js - 200 OK (0ms)


Started GET "/assets/flatui-radio.js?body=1" for 127.0.0.1 at 2013-07-15 11:24:45 -0400
Served asset /flatui-radio.js - 200 OK (0ms)


Started GET "/assets/html5shiv.js?body=1" for 127.0.0.1 at 2013-07-15 11:24:45 -0400
Served asset /html5shiv.js - 200 OK (0ms)


Started GET "/assets/icon-font-ie7.js?body=1" for 127.0.0.1 at 2013-07-15 11:24:45 -0400
Served asset /icon-font-ie7.js - 200 OK (0ms)


Started GET "/assets/jquery-1.8.3.min.js?body=1" for 127.0.0.1 at 2013-07-15 11:24:45 -0400
Served asset /jquery-1.8.3.min.js - 200 OK (0ms)


Started GET "/assets/jquery-ui-1.10.3.custom.min.js?body=1" for 127.0.0.1 at 2013-07-15 11:24:45 -0400
Served asset /jquery-ui-1.10.3.custom.min.js - 200 OK (0ms)


Started GET "/assets/jquery.placeholder.js?body=1" for 127.0.0.1 at 2013-07-15 11:24:45 -0400
Served asset /jquery.placeholder.js - 200 OK (0ms)


Started GET "/assets/jquery.stacktable.js?body=1" for 127.0.0.1 at 2013-07-15 11:24:45 -0400
Served asset /jquery.stacktable.js - 200 OK (0ms)


Started GET "/assets/jquery.tagsinput.js?body=1" for 127.0.0.1 at 2013-07-15 11:24:45 -0400
Served asset /jquery.tagsinput.js - 200 OK (0ms)


Started GET "/assets/jquery.ui.touch-punch.min.js?body=1" for 127.0.0.1 at 2013-07-15 11:24:45 -0400
Served asset /jquery.ui.touch-punch.min.js - 200 OK (0ms)


Started GET "/assets/application.js?body=1" for 127.0.0.1 at 2013-07-15 11:24:45 -0400
Served asset /application.js - 200 OK (0ms)


Started GET "/prices" for 127.0.0.1 at 2013-07-15 11:25:51 -0400
Processing by PricesController#index as HTML
  Rendered prices/index.html.erb within layouts/application (0.3ms)
Completed 200 OK in 7ms (Views: 6.9ms | ActiveRecord: 0.0ms)


Started GET "/assets/application.css?body=1" for 127.0.0.1 at 2013-07-15 11:25:51 -0400
Served asset /application.css - 200 OK (0ms)


Started GET "/assets/bootstrap-select.js?body=1" for 127.0.0.1 at 2013-07-15 11:25:51 -0400
Served asset /bootstrap-select.js - 200 OK (0ms)


Started GET "/assets/bootstrap-responsive.css?body=1" for 127.0.0.1 at 2013-07-15 11:25:51 -0400
Served asset /bootstrap-responsive.css - 200 OK (0ms)


Started GET "/assets/bootstrap.css?body=1" for 127.0.0.1 at 2013-07-15 11:25:51 -0400
Served asset /bootstrap.css - 200 OK (0ms)


Started GET "/assets/bootstrap-docs.css?body=1" for 127.0.0.1 at 2013-07-15 11:25:51 -0400
Served asset /bootstrap-docs.css - 200 OK (0ms)


Started GET "/assets/flat-ui.css?body=1" for 127.0.0.1 at 2013-07-15 11:25:51 -0400
Served asset /flat-ui.css - 200 OK (0ms)


Started GET "/assets/prettify.css?body=1" for 127.0.0.1 at 2013-07-15 11:25:51 -0400
Served asset /prettify.css - 200 OK (0ms)


Started GET "/assets/bootstrap-switch.js?body=1" for 127.0.0.1 at 2013-07-15 11:25:51 -0400
Served asset /bootstrap-switch.js - 200 OK (0ms)


Started GET "/assets/bootstrap.min.js?body=1" for 127.0.0.1 at 2013-07-15 11:25:51 -0400
Served asset /bootstrap.min.js - 200 OK (0ms)


Started GET "/assets/flatui-checkbox.js?body=1" for 127.0.0.1 at 2013-07-15 11:25:51 -0400
Served asset /flatui-checkbox.js - 200 OK (0ms)


Started GET "/assets/flatui-radio.js?body=1" for 127.0.0.1 at 2013-07-15 11:25:51 -0400
Served asset /flatui-radio.js - 200 OK (0ms)


Started GET "/assets/html5shiv.js?body=1" for 127.0.0.1 at 2013-07-15 11:25:51 -0400
Served asset /html5shiv.js - 200 OK (0ms)


Started GET "/assets/icon-font-ie7.js?body=1" for 127.0.0.1 at 2013-07-15 11:25:51 -0400
Served asset /icon-font-ie7.js - 200 OK (0ms)


Started GET "/assets/jquery-1.8.3.min.js?body=1" for 127.0.0.1 at 2013-07-15 11:25:51 -0400
Served asset /jquery-1.8.3.min.js - 200 OK (0ms)


Started GET "/assets/jquery-ui-1.10.3.custom.min.js?body=1" for 127.0.0.1 at 2013-07-15 11:25:51 -0400
Served asset /jquery-ui-1.10.3.custom.min.js - 200 OK (0ms)


Started GET "/assets/jquery.placeholder.js?body=1" for 127.0.0.1 at 2013-07-15 11:25:51 -0400
Served asset /jquery.placeholder.js - 200 OK (0ms)


Started GET "/assets/jquery.stacktable.js?body=1" for 127.0.0.1 at 2013-07-15 11:25:51 -0400
Served asset /jquery.stacktable.js - 200 OK (0ms)


Started GET "/assets/jquery.tagsinput.js?body=1" for 127.0.0.1 at 2013-07-15 11:25:51 -0400
Served asset /jquery.tagsinput.js - 200 OK (0ms)


Started GET "/assets/jquery.ui.touch-punch.min.js?body=1" for 127.0.0.1 at 2013-07-15 11:25:51 -0400
Served asset /jquery.ui.touch-punch.min.js - 200 OK (0ms)


Started GET "/assets/application.js?body=1" for 127.0.0.1 at 2013-07-15 11:25:51 -0400
Served asset /application.js - 200 OK (0ms)


Started GET "/prices" for 127.0.0.1 at 2013-07-15 11:26:18 -0400
Processing by PricesController#index as HTML
  Rendered prices/index.html.erb within layouts/application (0.3ms)
Completed 200 OK in 7ms (Views: 6.8ms | ActiveRecord: 0.0ms)


Started GET "/assets/application.css?body=1" for 127.0.0.1 at 2013-07-15 11:26:19 -0400
Served asset /application.css - 200 OK (0ms)


Started GET "/assets/bootstrap-docs.css?body=1" for 127.0.0.1 at 2013-07-15 11:26:19 -0400
Served asset /bootstrap-docs.css - 200 OK (0ms)


Started GET "/assets/bootstrap-responsive.css?body=1" for 127.0.0.1 at 2013-07-15 11:26:19 -0400
Served asset /bootstrap-responsive.css - 200 OK (0ms)


Started GET "/assets/flat-ui.css?body=1" for 127.0.0.1 at 2013-07-15 11:26:19 -0400
Served asset /flat-ui.css - 200 OK (0ms)


Started GET "/assets/bootstrap.css?body=1" for 127.0.0.1 at 2013-07-15 11:26:19 -0400
Served asset /bootstrap.css - 200 OK (0ms)


Started GET "/assets/bootstrap-select.js?body=1" for 127.0.0.1 at 2013-07-15 11:26:19 -0400
Served asset /bootstrap-select.js - 200 OK (0ms)


Started GET "/assets/prettify.css?body=1" for 127.0.0.1 at 2013-07-15 11:26:19 -0400
Served asset /prettify.css - 200 OK (0ms)


Started GET "/assets/bootstrap-switch.js?body=1" for 127.0.0.1 at 2013-07-15 11:26:19 -0400
Served asset /bootstrap-switch.js - 200 OK (0ms)


Started GET "/assets/bootstrap.min.js?body=1" for 127.0.0.1 at 2013-07-15 11:26:19 -0400
Served asset /bootstrap.min.js - 200 OK (0ms)


Started GET "/assets/flatui-checkbox.js?body=1" for 127.0.0.1 at 2013-07-15 11:26:19 -0400
Served asset /flatui-checkbox.js - 200 OK (0ms)


Started GET "/assets/flatui-radio.js?body=1" for 127.0.0.1 at 2013-07-15 11:26:19 -0400
Served asset /flatui-radio.js - 200 OK (0ms)


Started GET "/assets/html5shiv.js?body=1" for 127.0.0.1 at 2013-07-15 11:26:19 -0400
Served asset /html5shiv.js - 200 OK (0ms)


Started GET "/assets/icon-font-ie7.js?body=1" for 127.0.0.1 at 2013-07-15 11:26:19 -0400
Served asset /icon-font-ie7.js - 200 OK (0ms)


Started GET "/assets/jquery-1.8.3.min.js?body=1" for 127.0.0.1 at 2013-07-15 11:26:19 -0400
Served asset /jquery-1.8.3.min.js - 200 OK (0ms)


Started GET "/assets/jquery-ui-1.10.3.custom.min.js?body=1" for 127.0.0.1 at 2013-07-15 11:26:19 -0400
Served asset /jquery-ui-1.10.3.custom.min.js - 200 OK (0ms)


Started GET "/assets/jquery.placeholder.js?body=1" for 127.0.0.1 at 2013-07-15 11:26:19 -0400
Served asset /jquery.placeholder.js - 200 OK (0ms)


Started GET "/assets/jquery.stacktable.js?body=1" for 127.0.0.1 at 2013-07-15 11:26:19 -0400
Served asset /jquery.stacktable.js - 200 OK (0ms)


Started GET "/assets/jquery.tagsinput.js?body=1" for 127.0.0.1 at 2013-07-15 11:26:19 -0400
Served asset /jquery.tagsinput.js - 200 OK (0ms)


Started GET "/assets/jquery.ui.touch-punch.min.js?body=1" for 127.0.0.1 at 2013-07-15 11:26:19 -0400
Served asset /jquery.ui.touch-punch.min.js - 200 OK (0ms)


Started GET "/assets/application.js?body=1" for 127.0.0.1 at 2013-07-15 11:26:19 -0400
Served asset /application.js - 200 OK (0ms)


Started GET "/prices" for 127.0.0.1 at 2013-07-15 11:26:44 -0400
Processing by PricesController#index as HTML
  Rendered prices/index.html.erb within layouts/application (0.3ms)
Completed 200 OK in 7ms (Views: 6.7ms | ActiveRecord: 0.0ms)


Started GET "/assets/application.css?body=1" for 127.0.0.1 at 2013-07-15 11:26:44 -0400
Served asset /application.css - 200 OK (0ms)


Started GET "/assets/bootstrap-docs.css?body=1" for 127.0.0.1 at 2013-07-15 11:26:44 -0400
Served asset /bootstrap-docs.css - 200 OK (0ms)


Started GET "/assets/bootstrap-responsive.css?body=1" for 127.0.0.1 at 2013-07-15 11:26:44 -0400
Served asset /bootstrap-responsive.css - 200 OK (0ms)


Started GET "/assets/bootstrap-select.js?body=1" for 127.0.0.1 at 2013-07-15 11:26:44 -0400
Served asset /bootstrap-select.js - 200 OK (0ms)


Started GET "/assets/flat-ui.css?body=1" for 127.0.0.1 at 2013-07-15 11:26:44 -0400
Served asset /flat-ui.css - 200 OK (0ms)


Started GET "/assets/bootstrap.css?body=1" for 127.0.0.1 at 2013-07-15 11:26:44 -0400
Served asset /bootstrap.css - 200 OK (0ms)


Started GET "/assets/prettify.css?body=1" for 127.0.0.1 at 2013-07-15 11:26:44 -0400
Served asset /prettify.css - 200 OK (0ms)


Started GET "/assets/bootstrap-switch.js?body=1" for 127.0.0.1 at 2013-07-15 11:26:44 -0400
Served asset /bootstrap-switch.js - 200 OK (0ms)


Started GET "/assets/bootstrap.min.js?body=1" for 127.0.0.1 at 2013-07-15 11:26:44 -0400
Served asset /bootstrap.min.js - 200 OK (0ms)


Started GET "/assets/flatui-checkbox.js?body=1" for 127.0.0.1 at 2013-07-15 11:26:44 -0400
Served asset /flatui-checkbox.js - 200 OK (0ms)


Started GET "/assets/flatui-radio.js?body=1" for 127.0.0.1 at 2013-07-15 11:26:44 -0400
Served asset /flatui-radio.js - 200 OK (0ms)


Started GET "/assets/html5shiv.js?body=1" for 127.0.0.1 at 2013-07-15 11:26:44 -0400
Served asset /html5shiv.js - 200 OK (0ms)


Started GET "/assets/icon-font-ie7.js?body=1" for 127.0.0.1 at 2013-07-15 11:26:44 -0400
Served asset /icon-font-ie7.js - 200 OK (0ms)


Started GET "/assets/jquery-1.8.3.min.js?body=1" for 127.0.0.1 at 2013-07-15 11:26:44 -0400
Served asset /jquery-1.8.3.min.js - 200 OK (0ms)


Started GET "/assets/jquery-ui-1.10.3.custom.min.js?body=1" for 127.0.0.1 at 2013-07-15 11:26:44 -0400
Served asset /jquery-ui-1.10.3.custom.min.js - 200 OK (0ms)


Started GET "/assets/jquery.placeholder.js?body=1" for 127.0.0.1 at 2013-07-15 11:26:44 -0400
Served asset /jquery.placeholder.js - 200 OK (0ms)


Started GET "/assets/jquery.stacktable.js?body=1" for 127.0.0.1 at 2013-07-15 11:26:44 -0400
Served asset /jquery.stacktable.js - 200 OK (0ms)


Started GET "/assets/jquery.tagsinput.js?body=1" for 127.0.0.1 at 2013-07-15 11:26:44 -0400
Served asset /jquery.tagsinput.js - 200 OK (0ms)


Started GET "/assets/jquery.ui.touch-punch.min.js?body=1" for 127.0.0.1 at 2013-07-15 11:26:44 -0400
Served asset /jquery.ui.touch-punch.min.js - 200 OK (0ms)


Started GET "/assets/application.js?body=1" for 127.0.0.1 at 2013-07-15 11:26:44 -0400
Served asset /application.js - 200 OK (0ms)


Started GET "/prices" for 127.0.0.1 at 2013-07-15 11:27:13 -0400
Processing by PricesController#index as HTML
  Rendered prices/index.html.erb within layouts/application (0.3ms)
Completed 200 OK in 7ms (Views: 6.7ms | ActiveRecord: 0.0ms)


Started GET "/assets/application.css?body=1" for 127.0.0.1 at 2013-07-15 11:27:13 -0400
Served asset /application.css - 200 OK (0ms)


Started GET "/assets/bootstrap-docs.css?body=1" for 127.0.0.1 at 2013-07-15 11:27:13 -0400
Served asset /bootstrap-docs.css - 200 OK (0ms)


Started GET "/assets/bootstrap.css?body=1" for 127.0.0.1 at 2013-07-15 11:27:13 -0400
Served asset /bootstrap.css - 200 OK (0ms)


Started GET "/assets/bootstrap-responsive.css?body=1" for 127.0.0.1 at 2013-07-15 11:27:13 -0400
Served asset /bootstrap-responsive.css - 200 OK (0ms)


Started GET "/assets/bootstrap-select.js?body=1" for 127.0.0.1 at 2013-07-15 11:27:13 -0400
Served asset /bootstrap-select.js - 200 OK (0ms)


Started GET "/assets/prettify.css?body=1" for 127.0.0.1 at 2013-07-15 11:27:13 -0400
Served asset /prettify.css - 200 OK (0ms)


Started GET "/assets/flat-ui.css?body=1" for 127.0.0.1 at 2013-07-15 11:27:13 -0400
Served asset /flat-ui.css - 200 OK (0ms)


Started GET "/assets/bootstrap-switch.js?body=1" for 127.0.0.1 at 2013-07-15 11:27:13 -0400
Served asset /bootstrap-switch.js - 200 OK (0ms)


Started GET "/assets/bootstrap.min.js?body=1" for 127.0.0.1 at 2013-07-15 11:27:13 -0400
Served asset /bootstrap.min.js - 200 OK (0ms)


Started GET "/assets/flatui-checkbox.js?body=1" for 127.0.0.1 at 2013-07-15 11:27:13 -0400
Served asset /flatui-checkbox.js - 200 OK (0ms)


Started GET "/assets/flatui-radio.js?body=1" for 127.0.0.1 at 2013-07-15 11:27:13 -0400
Served asset /flatui-radio.js - 200 OK (0ms)


Started GET "/assets/html5shiv.js?body=1" for 127.0.0.1 at 2013-07-15 11:27:13 -0400
Served asset /html5shiv.js - 200 OK (0ms)


Started GET "/assets/icon-font-ie7.js?body=1" for 127.0.0.1 at 2013-07-15 11:27:13 -0400
Served asset /icon-font-ie7.js - 200 OK (0ms)


Started GET "/assets/jquery-1.8.3.min.js?body=1" for 127.0.0.1 at 2013-07-15 11:27:13 -0400
Served asset /jquery-1.8.3.min.js - 200 OK (0ms)


Started GET "/assets/jquery-ui-1.10.3.custom.min.js?body=1" for 127.0.0.1 at 2013-07-15 11:27:13 -0400
Served asset /jquery-ui-1.10.3.custom.min.js - 200 OK (0ms)


Started GET "/assets/jquery.placeholder.js?body=1" for 127.0.0.1 at 2013-07-15 11:27:13 -0400
Served asset /jquery.placeholder.js - 200 OK (0ms)


Started GET "/assets/jquery.stacktable.js?body=1" for 127.0.0.1 at 2013-07-15 11:27:13 -0400
Served asset /jquery.stacktable.js - 200 OK (0ms)


Started GET "/assets/jquery.tagsinput.js?body=1" for 127.0.0.1 at 2013-07-15 11:27:13 -0400
Served asset /jquery.tagsinput.js - 200 OK (0ms)


Started GET "/assets/jquery.ui.touch-punch.min.js?body=1" for 127.0.0.1 at 2013-07-15 11:27:13 -0400
Served asset /jquery.ui.touch-punch.min.js - 200 OK (0ms)


Started GET "/assets/application.js?body=1" for 127.0.0.1 at 2013-07-15 11:27:13 -0400
Served asset /application.js - 200 OK (0ms)
